  [1m[35m (0.2ms)[0m  [1m[35mDROP TABLE IF EXISTS "api_keys"[0m
  [1m[35m (0.7ms)[0m  [1m[35mCREATE TABLE "api_keys" ("id" integer PRIMARY KEY AUTOINCREMENT NOT NULL, "bearer_id" integer NOT NULL, "bearer_type" varchar NOT NULL, "token" varchar NOT NULL, "created_at" datetime(6) NOT NULL, "updated_at" datetime(6) NOT NULL)[0m
  [1m[35m (0.1ms)[0m  [1m[35mCREATE INDEX "index_api_keys_on_bearer_id_and_bearer_type" ON "api_keys" ("bearer_id", "bearer_type")[0m
  [1m[35m (0.0ms)[0m  [1m[35mCREATE UNIQUE INDEX "index_api_keys_on_token" ON "api_keys" ("token")[0m
  [1m[35m (0.0ms)[0m  [1m[35mDROP TABLE IF EXISTS "devices"[0m
  [1m[35m (0.1ms)[0m  [1m[35mCREATE TABLE "devices" ("id" integer PRIMARY KEY AUTOINCREMENT NOT NULL, "serial_number" varchar, "created_at" datetime(6) NOT NULL, "updated_at" datetime(6) NOT NULL)[0m
  [1m[35m (0.0ms)[0m  [1m[35mDROP TABLE IF EXISTS "users"[0m
  [1m[35m (0.1ms)[0m  [1m[35mCREATE TABLE "users" ("id" integer PRIMARY KEY AUTOINCREMENT NOT NULL, "email" varchar, "password_digest" varchar NOT NULL, "created_at" datetime(6) NOT NULL, "updated_at" datetime(6) NOT NULL)[0m
  [1m[35m (0.1ms)[0m  [1m[35mCREATE UNIQUE INDEX "index_users_on_email" ON "users" ("email")[0m
  [1m[35m (0.1ms)[0m  [1m[35mCREATE TABLE "schema_migrations" ("version" varchar NOT NULL PRIMARY KEY)[0m
  [1m[36mActiveRecord::SchemaMigration Load (0.0ms)[0m  [1m[34mSELECT "schema_migrations"."version" FROM "schema_migrations" ORDER BY "schema_migrations"."version" ASC[0m
  [1m[35m (0.0ms)[0m  [1m[32mINSERT INTO "schema_migrations" (version) VALUES (20240731151913)[0m
  [1m[35m (0.0ms)[0m  [1m[32mINSERT INTO "schema_migrations" (version) VALUES
(20240731145448),
(20240731145352);[0m
  [1m[35m (0.1ms)[0m  [1m[35mCREATE TABLE "ar_internal_metadata" ("key" varchar NOT NULL PRIMARY KEY, "value" varchar, "created_at" datetime(6) NOT NULL, "updated_at" datetime(6) NOT NULL)[0m
  [1m[36mActiveRecord::InternalMetadata Load (0.0ms)[0m  [1m[34mSELECT * FROM "ar_internal_metadata" WHERE "ar_internal_metadata"."key" = ? ORDER BY "ar_internal_metadata"."key" ASC LIMIT 1[0m  [[nil, "environment"]]
  [1m[36mActiveRecord::InternalMetadata Create (0.1ms)[0m  [1m[32mINSERT INTO "ar_internal_metadata" ("key", "value", "created_at", "updated_at") VALUES ('environment', 'development', '2024-08-09 11:09:16.237716', '2024-08-09 11:09:16.237718') RETURNING "key"[0m
  [1m[36mActiveRecord::InternalMetadata Load (0.0ms)[0m  [1m[34mSELECT * FROM "ar_internal_metadata" WHERE "ar_internal_metadata"."key" = ? ORDER BY "ar_internal_metadata"."key" ASC LIMIT 1[0m  [[nil, "environment"]]
  [1m[36mActiveRecord::InternalMetadata Update (0.0ms)[0m  [1m[33mUPDATE "ar_internal_metadata" SET "value" = 'test', "updated_at" = '2024-08-09 11:09:16.238616' WHERE "ar_internal_metadata"."key" = 'environment'[0m
  [1m[36mActiveRecord::InternalMetadata Load (0.0ms)[0m  [1m[34mSELECT * FROM "ar_internal_metadata" WHERE "ar_internal_metadata"."key" = ? ORDER BY "ar_internal_metadata"."key" ASC LIMIT 1[0m  [[nil, "schema_sha1"]]
  [1m[36mActiveRecord::InternalMetadata Create (0.0ms)[0m  [1m[32mINSERT INTO "ar_internal_metadata" ("key", "value", "created_at", "updated_at") VALUES ('schema_sha1', '997066c033c0883d2e942dc612d04a0b3a632252', '2024-08-09 11:09:16.239143', '2024-08-09 11:09:16.239144') RETURNING "key"[0m
DEPRECATION WARNING: `to_time` will always preserve the full timezone rather than offset of the receiver in Rails 8.1. To opt in to the new behavior, set `config.active_support.to_time_preserves_timezone = :zone`. (called from <main> at /home/witsio/device_reqistry/config/environment.rb:5)
DEPRECATION WARNING: `to_time` will always preserve the full timezone rather than offset of the receiver in Rails 8.1. To opt in to the new behavior, set `config.active_support.to_time_preserves_timezone = :zone`. (called from <main> at /home/witsio/device_reqistry/config/environment.rb:5)
DEPRECATION WARNING: `to_time` will always preserve the full timezone rather than offset of the receiver in Rails 8.1. To opt in to the new behavior, set `config.active_support.to_time_preserves_timezone = :zone`. (called from <main> at /home/witsio/device_reqistry/config/environment.rb:5)
DEPRECATION WARNING: `to_time` will always preserve the full timezone rather than offset of the receiver in Rails 8.1. To opt in to the new behavior, set `config.active_support.to_time_preserves_timezone = :zone`. (called from <main> at /home/witsio/device_reqistry/config/environment.rb:5)
DEPRECATION WARNING: `to_time` will always preserve the full timezone rather than offset of the receiver in Rails 8.1. To opt in to the new behavior, set `config.active_support.to_time_preserves_timezone = :zone`. (called from <main> at /home/witsio/device_reqistry/config/environment.rb:5)
DEPRECATION WARNING: `to_time` will always preserve the full timezone rather than offset of the receiver in Rails 8.1. To opt in to the new behavior, set `config.active_support.to_time_preserves_timezone = :zone`. (called from <main> at /home/witsio/device_reqistry/config/environment.rb:5)
Started GET "/" for ::1 at 2025-08-19 16:59:38 +0200
  [1m[35m (6.0ms)[0m  [1m[35mCREATE TABLE "schema_migrations" ("version" varchar NOT NULL PRIMARY KEY)[0m
  [1m[35m (0.3ms)[0m  [1m[35mCREATE TABLE "ar_internal_metadata" ("key" varchar NOT NULL PRIMARY KEY, "value" varchar, "created_at" datetime(6) NOT NULL, "updated_at" datetime(6) NOT NULL)[0m
  [1m[36mActiveRecord::SchemaMigration Load (0.1ms)[0m  [1m[34mSELECT "schema_migrations"."version" FROM "schema_migrations" ORDER BY "schema_migrations"."version" ASC[0m
  
ActiveRecord::PendingMigrationError (

Migrations are pending. To resolve this issue, run:

        bin/rails db:migrate

You have 3 pending migrations:

db/migrate/20240731145352_create_users.rb
db/migrate/20240731145448_create_devices.rb
db/migrate/20240731151913_create_api_keys.rb


):
  
activerecord (8.0.2.1) lib/active_record/migration.rb:743:in 'ActiveRecord::Migration.check_pending_migrations'
activerecord (8.0.2.1) lib/active_record/migration.rb:660:in 'block (2 levels) in ActiveRecord::Migration::CheckPending#call'
activesupport (8.0.2.1) lib/active_support/file_update_checker.rb:85:in 'ActiveSupport::FileUpdateChecker#execute'
activerecord (8.0.2.1) lib/active_record/migration.rb:665:in 'block in ActiveRecord::Migration::CheckPending#call'
activerecord (8.0.2.1) lib/active_record/migration.rb:657:in 'Thread::Mutex#synchronize'
activerecord (8.0.2.1) lib/active_record/migration.rb:657:in 'ActiveRecord::Migration::CheckPending#call'
actionpack (8.0.2.1) lib/action_dispatch/middleware/callbacks.rb:31:in 'block in ActionDispatch::Callbacks#call'
activesupport (8.0.2.1) lib/active_support/callbacks.rb:100:in 'ActiveSupport::Callbacks#run_callbacks'
actionpack (8.0.2.1) lib/action_dispatch/middleware/callbacks.rb:30:in 'ActionDispatch::Callbacks#call'
actionpack (8.0.2.1) lib/action_dispatch/middleware/executor.rb:16:in 'ActionDispatch::Executor#call'
actionpack (8.0.2.1) lib/action_dispatch/middleware/actionable_exceptions.rb:18:in 'ActionDispatch::ActionableExceptions#call'
actionpack (8.0.2.1) lib/action_dispatch/middleware/debug_exceptions.rb:31:in 'ActionDispatch::DebugExceptions#call'
actionpack (8.0.2.1) lib/action_dispatch/middleware/show_exceptions.rb:32:in 'ActionDispatch::ShowExceptions#call'
railties (8.0.2.1) lib/rails/rack/logger.rb:41:in 'Rails::Rack::Logger#call_app'
railties (8.0.2.1) lib/rails/rack/logger.rb:29:in 'Rails::Rack::Logger#call'
actionpack (8.0.2.1) lib/action_dispatch/middleware/remote_ip.rb:96:in 'ActionDispatch::RemoteIp#call'
actionpack (8.0.2.1) lib/action_dispatch/middleware/request_id.rb:34:in 'ActionDispatch::RequestId#call'
rack (3.1.7) lib/rack/runtime.rb:24:in 'Rack::Runtime#call'
activesupport (8.0.2.1) lib/active_support/cache/strategy/local_cache_middleware.rb:29:in 'ActiveSupport::Cache::Strategy::LocalCache::Middleware#call'
actionpack (8.0.2.1) lib/action_dispatch/middleware/server_timing.rb:61:in 'block in ActionDispatch::ServerTiming#call'
actionpack (8.0.2.1) lib/action_dispatch/middleware/server_timing.rb:26:in 'ActionDispatch::ServerTiming::Subscriber#collect_events'
actionpack (8.0.2.1) lib/action_dispatch/middleware/server_timing.rb:60:in 'ActionDispatch::ServerTiming#call'
actionpack (8.0.2.1) lib/action_dispatch/middleware/executor.rb:16:in 'ActionDispatch::Executor#call'
actionpack (8.0.2.1) lib/action_dispatch/middleware/static.rb:27:in 'ActionDispatch::Static#call'
rack (3.1.7) lib/rack/sendfile.rb:114:in 'Rack::Sendfile#call'
actionpack (8.0.2.1) lib/action_dispatch/middleware/host_authorization.rb:143:in 'ActionDispatch::HostAuthorization#call'
railties (8.0.2.1) lib/rails/engine.rb:535:in 'Rails::Engine#call'
puma (6.4.2) lib/puma/configuration.rb:272:in 'Puma::Configuration::ConfigMiddleware#call'
puma (6.4.2) lib/puma/request.rb:100:in 'block in Puma::Request#handle_request'
puma (6.4.2) lib/puma/thread_pool.rb:378:in 'Puma::ThreadPool#with_force_shutdown'
puma (6.4.2) lib/puma/request.rb:99:in 'Puma::Request#handle_request'
puma (6.4.2) lib/puma/server.rb:464:in 'Puma::Server#process_client'
puma (6.4.2) lib/puma/server.rb:245:in 'block in Puma::Server#run'
puma (6.4.2) lib/puma/thread_pool.rb:155:in 'block in Puma::ThreadPool#spawn_thread'
Started GET "/favicon.ico" for ::1 at 2025-08-19 16:59:39 +0200
  [1m[36mActiveRecord::SchemaMigration Load (0.2ms)[0m  [1m[34mSELECT "schema_migrations"."version" FROM "schema_migrations" ORDER BY "schema_migrations"."version" ASC[0m
  
ActiveRecord::PendingMigrationError (

Migrations are pending. To resolve this issue, run:

        bin/rails db:migrate

You have 3 pending migrations:

db/migrate/20240731145352_create_users.rb
db/migrate/20240731145448_create_devices.rb
db/migrate/20240731151913_create_api_keys.rb


):
  
activerecord (8.0.2.1) lib/active_record/migration.rb:743:in 'ActiveRecord::Migration.check_pending_migrations'
activerecord (8.0.2.1) lib/active_record/migration.rb:660:in 'block (2 levels) in ActiveRecord::Migration::CheckPending#call'
activesupport (8.0.2.1) lib/active_support/file_update_checker.rb:85:in 'ActiveSupport::FileUpdateChecker#execute'
activerecord (8.0.2.1) lib/active_record/migration.rb:665:in 'block in ActiveRecord::Migration::CheckPending#call'
activerecord (8.0.2.1) lib/active_record/migration.rb:657:in 'Thread::Mutex#synchronize'
activerecord (8.0.2.1) lib/active_record/migration.rb:657:in 'ActiveRecord::Migration::CheckPending#call'
actionpack (8.0.2.1) lib/action_dispatch/middleware/callbacks.rb:31:in 'block in ActionDispatch::Callbacks#call'
activesupport (8.0.2.1) lib/active_support/callbacks.rb:100:in 'ActiveSupport::Callbacks#run_callbacks'
actionpack (8.0.2.1) lib/action_dispatch/middleware/callbacks.rb:30:in 'ActionDispatch::Callbacks#call'
actionpack (8.0.2.1) lib/action_dispatch/middleware/executor.rb:16:in 'ActionDispatch::Executor#call'
actionpack (8.0.2.1) lib/action_dispatch/middleware/actionable_exceptions.rb:18:in 'ActionDispatch::ActionableExceptions#call'
actionpack (8.0.2.1) lib/action_dispatch/middleware/debug_exceptions.rb:31:in 'ActionDispatch::DebugExceptions#call'
actionpack (8.0.2.1) lib/action_dispatch/middleware/show_exceptions.rb:32:in 'ActionDispatch::ShowExceptions#call'
railties (8.0.2.1) lib/rails/rack/logger.rb:41:in 'Rails::Rack::Logger#call_app'
railties (8.0.2.1) lib/rails/rack/logger.rb:29:in 'Rails::Rack::Logger#call'
actionpack (8.0.2.1) lib/action_dispatch/middleware/remote_ip.rb:96:in 'ActionDispatch::RemoteIp#call'
actionpack (8.0.2.1) lib/action_dispatch/middleware/request_id.rb:34:in 'ActionDispatch::RequestId#call'
rack (3.1.7) lib/rack/runtime.rb:24:in 'Rack::Runtime#call'
activesupport (8.0.2.1) lib/active_support/cache/strategy/local_cache_middleware.rb:29:in 'ActiveSupport::Cache::Strategy::LocalCache::Middleware#call'
actionpack (8.0.2.1) lib/action_dispatch/middleware/server_timing.rb:61:in 'block in ActionDispatch::ServerTiming#call'
actionpack (8.0.2.1) lib/action_dispatch/middleware/server_timing.rb:26:in 'ActionDispatch::ServerTiming::Subscriber#collect_events'
actionpack (8.0.2.1) lib/action_dispatch/middleware/server_timing.rb:60:in 'ActionDispatch::ServerTiming#call'
actionpack (8.0.2.1) lib/action_dispatch/middleware/executor.rb:16:in 'ActionDispatch::Executor#call'
actionpack (8.0.2.1) lib/action_dispatch/middleware/static.rb:27:in 'ActionDispatch::Static#call'
rack (3.1.7) lib/rack/sendfile.rb:114:in 'Rack::Sendfile#call'
actionpack (8.0.2.1) lib/action_dispatch/middleware/host_authorization.rb:143:in 'ActionDispatch::HostAuthorization#call'
railties (8.0.2.1) lib/rails/engine.rb:535:in 'Rails::Engine#call'
puma (6.4.2) lib/puma/configuration.rb:272:in 'Puma::Configuration::ConfigMiddleware#call'
puma (6.4.2) lib/puma/request.rb:100:in 'block in Puma::Request#handle_request'
puma (6.4.2) lib/puma/thread_pool.rb:378:in 'Puma::ThreadPool#with_force_shutdown'
puma (6.4.2) lib/puma/request.rb:99:in 'Puma::Request#handle_request'
puma (6.4.2) lib/puma/server.rb:464:in 'Puma::Server#process_client'
puma (6.4.2) lib/puma/server.rb:245:in 'block in Puma::Server#run'
puma (6.4.2) lib/puma/thread_pool.rb:155:in 'block in Puma::ThreadPool#spawn_thread'
DEPRECATION WARNING: `to_time` will always preserve the full timezone rather than offset of the receiver in Rails 8.1. To opt in to the new behavior, set `config.active_support.to_time_preserves_timezone = :zone`. (called from <main> at /home/witsio/device_reqistry/config/environment.rb:5)
DEPRECATION WARNING: `to_time` will always preserve the full timezone rather than offset of the receiver in Rails 8.1. To opt in to the new behavior, set `config.active_support.to_time_preserves_timezone = :zone`. (called from <main> at /home/witsio/device_reqistry/config/environment.rb:5)
  [1m[36mActiveRecord::InternalMetadata Load (0.2ms)[0m  [1m[34mSELECT * FROM "ar_internal_metadata" WHERE "ar_internal_metadata"."key" = ? ORDER BY "ar_internal_metadata"."key" ASC LIMIT 1[0m  [[nil, "environment"]]
  [1m[36mActiveRecord::InternalMetadata Create (12.4ms)[0m  [1m[32mINSERT INTO "ar_internal_metadata" ("key", "value", "created_at", "updated_at") VALUES ('environment', 'development', '2025-08-19 15:01:15.369352', '2025-08-19 15:01:15.369355') RETURNING "key"[0m
  [1m[36mActiveRecord::SchemaMigration Load (0.1ms)[0m  [1m[34mSELECT "schema_migrations"."version" FROM "schema_migrations" ORDER BY "schema_migrations"."version" ASC[0m
Migrating to CreateUsers (20240731145352)
  [1m[36mTRANSACTION (0.1ms)[0m  [1m[36mBEGIN immediate TRANSACTION[0m
  [1m[35m (2.5ms)[0m  [1m[35mCREATE TABLE "users" ("id" integer PRIMARY KEY AUTOINCREMENT NOT NULL, "email" varchar, "password_digest" varchar NOT NULL, "created_at" datetime(6) NOT NULL, "updated_at" datetime(6) NOT NULL)[0m
  [1m[35m (0.3ms)[0m  [1m[35mCREATE UNIQUE INDEX "index_users_on_email" ON "users" ("email")[0m
  [1m[36mActiveRecord::SchemaMigration Create (0.2ms)[0m  [1m[32mINSERT INTO "schema_migrations" ("version") VALUES ('20240731145352') RETURNING "version"[0m
  [1m[36mTRANSACTION (0.2ms)[0m  [1m[36mCOMMIT TRANSACTION[0m
Migrating to CreateDevices (20240731145448)
  [1m[36mTRANSACTION (0.1ms)[0m  [1m[36mBEGIN immediate TRANSACTION[0m
  [1m[35m (2.3ms)[0m  [1m[35mCREATE TABLE "devices" ("id" integer PRIMARY KEY AUTOINCREMENT NOT NULL, "serial_number" varchar, "created_at" datetime(6) NOT NULL, "updated_at" datetime(6) NOT NULL)[0m
  [1m[36mActiveRecord::SchemaMigration Create (0.1ms)[0m  [1m[32mINSERT INTO "schema_migrations" ("version") VALUES ('20240731145448') RETURNING "version"[0m
  [1m[36mTRANSACTION (0.2ms)[0m  [1m[36mCOMMIT TRANSACTION[0m
Migrating to CreateApiKeys (20240731151913)
  [1m[36mTRANSACTION (0.1ms)[0m  [1m[36mBEGIN immediate TRANSACTION[0m
  [1m[35m (1.2ms)[0m  [1m[35mCREATE TABLE "api_keys" ("id" integer PRIMARY KEY AUTOINCREMENT NOT NULL, "bearer_id" integer NOT NULL, "bearer_type" varchar NOT NULL, "token" varchar NOT NULL, "created_at" datetime(6) NOT NULL, "updated_at" datetime(6) NOT NULL)[0m
  [1m[35m (0.1ms)[0m  [1m[35mCREATE INDEX "index_api_keys_on_bearer_id_and_bearer_type" ON "api_keys" ("bearer_id", "bearer_type")[0m
  [1m[35m (0.1ms)[0m  [1m[35mCREATE UNIQUE INDEX "index_api_keys_on_token" ON "api_keys" ("token")[0m
  [1m[36mActiveRecord::SchemaMigration Create (0.1ms)[0m  [1m[32mINSERT INTO "schema_migrations" ("version") VALUES ('20240731151913') RETURNING "version"[0m
  [1m[36mTRANSACTION (0.2ms)[0m  [1m[36mCOMMIT TRANSACTION[0m
  [1m[36mActiveRecord::SchemaMigration Load (0.1ms)[0m  [1m[34mSELECT "schema_migrations"."version" FROM "schema_migrations" ORDER BY "schema_migrations"."version" ASC[0m
DEPRECATION WARNING: `to_time` will always preserve the full timezone rather than offset of the receiver in Rails 8.1. To opt in to the new behavior, set `config.active_support.to_time_preserves_timezone = :zone`. (called from <main> at /home/witsio/device_reqistry/config/environment.rb:5)
DEPRECATION WARNING: `to_time` will always preserve the full timezone rather than offset of the receiver in Rails 8.1. To opt in to the new behavior, set `config.active_support.to_time_preserves_timezone = :zone`. (called from <main> at /home/witsio/device_reqistry/config/environment.rb:5)
Started GET "/" for ::1 at 2025-08-19 17:01:46 +0200
  [1m[36mActiveRecord::SchemaMigration Load (0.2ms)[0m  [1m[34mSELECT "schema_migrations"."version" FROM "schema_migrations" ORDER BY "schema_migrations"."version" ASC[0m
Processing by Rails::WelcomeController#index as HTML
  Rendering /home/witsio/.local/share/mise/installs/ruby/3.4.5/lib/ruby/gems/3.4.0/gems/railties-8.0.2.1/lib/rails/templates/rails/welcome/index.html.erb
  Rendered /home/witsio/.local/share/mise/installs/ruby/3.4.5/lib/ruby/gems/3.4.0/gems/railties-8.0.2.1/lib/rails/templates/rails/welcome/index.html.erb (Duration: 1.1ms | GC: 0.0ms)
Completed 200 OK in 17ms (Views: 4.3ms | ActiveRecord: 0.0ms (0 queries, 0 cached) | GC: 0.0ms)


Started GET "/icon.png" for ::1 at 2025-08-19 17:01:47 +0200
  
ActionController::RoutingError (No route matches [GET] "/icon.png"):
  
Started GET "/" for ::1 at 2025-08-19 17:01:54 +0200
Processing by Rails::WelcomeController#index as HTML
  Rendering /home/witsio/.local/share/mise/installs/ruby/3.4.5/lib/ruby/gems/3.4.0/gems/railties-8.0.2.1/lib/rails/templates/rails/welcome/index.html.erb
  Rendered /home/witsio/.local/share/mise/installs/ruby/3.4.5/lib/ruby/gems/3.4.0/gems/railties-8.0.2.1/lib/rails/templates/rails/welcome/index.html.erb (Duration: 0.2ms | GC: 0.0ms)
Completed 200 OK in 1ms (Views: 0.6ms | ActiveRecord: 0.0ms (0 queries, 0 cached) | GC: 0.0ms)


Started GET "/" for ::1 at 2025-08-19 17:02:00 +0200
Processing by Rails::WelcomeController#index as HTML
  Rendering /home/witsio/.local/share/mise/installs/ruby/3.4.5/lib/ruby/gems/3.4.0/gems/railties-8.0.2.1/lib/rails/templates/rails/welcome/index.html.erb
  Rendered /home/witsio/.local/share/mise/installs/ruby/3.4.5/lib/ruby/gems/3.4.0/gems/railties-8.0.2.1/lib/rails/templates/rails/welcome/index.html.erb (Duration: 0.2ms | GC: 0.0ms)
Completed 200 OK in 1ms (Views: 0.8ms | ActiveRecord: 0.0ms (0 queries, 0 cached) | GC: 0.0ms)


DEPRECATION WARNING: `to_time` will always preserve the full timezone rather than offset of the receiver in Rails 8.1. To opt in to the new behavior, set `config.active_support.to_time_preserves_timezone = :zone`. (called from <main> at /home/witsio/device_reqistry/config/environment.rb:5)
DEPRECATION WARNING: `to_time` will always preserve the full timezone rather than offset of the receiver in Rails 8.1. To opt in to the new behavior, set `config.active_support.to_time_preserves_timezone = :zone`. (called from <main> at /home/witsio/device_reqistry/config/environment.rb:5)
  [1m[36mActiveRecord::SchemaMigration Load (0.2ms)[0m  [1m[34mSELECT "schema_migrations"."version" FROM "schema_migrations" ORDER BY "schema_migrations"."version" ASC[0m
  [1m[36mActiveRecord::InternalMetadata Load (0.6ms)[0m  [1m[34mSELECT * FROM "ar_internal_metadata" WHERE "ar_internal_metadata"."key" = ? ORDER BY "ar_internal_metadata"."key" ASC LIMIT 1[0m  [[nil, "environment"]]
  [1m[36mActiveRecord::SchemaMigration Load (0.0ms)[0m  [1m[34mSELECT "schema_migrations"."version" FROM "schema_migrations" ORDER BY "schema_migrations"."version" ASC[0m
  [1m[36mActiveRecord::InternalMetadata Load (0.2ms)[0m  [1m[34mSELECT * FROM "ar_internal_metadata" WHERE "ar_internal_metadata"."key" = ? ORDER BY "ar_internal_metadata"."key" ASC LIMIT 1[0m  [[nil, "environment"]]
  [1m[36mActiveRecord::SchemaMigration Load (0.1ms)[0m  [1m[34mSELECT "schema_migrations"."version" FROM "schema_migrations" ORDER BY "schema_migrations"."version" ASC[0m
  [1m[36mActiveRecord::InternalMetadata Load (0.1ms)[0m  [1m[34mSELECT * FROM "ar_internal_metadata" WHERE "ar_internal_metadata"."key" = ? ORDER BY "ar_internal_metadata"."key" ASC LIMIT 1[0m  [[nil, "environment"]]
  [1m[35m (0.3ms)[0m  [1m[35mDROP TABLE IF EXISTS "api_keys"[0m
  [1m[35m (3.0ms)[0m  [1m[35mCREATE TABLE "api_keys" ("id" integer PRIMARY KEY AUTOINCREMENT NOT NULL, "bearer_id" integer NOT NULL, "bearer_type" varchar NOT NULL, "token" varchar NOT NULL, "created_at" datetime(6) NOT NULL, "updated_at" datetime(6) NOT NULL)[0m
  [1m[35m (0.3ms)[0m  [1m[35mCREATE INDEX "index_api_keys_on_bearer_id_and_bearer_type" ON "api_keys" ("bearer_id", "bearer_type")[0m
  [1m[35m (0.2ms)[0m  [1m[35mCREATE UNIQUE INDEX "index_api_keys_on_token" ON "api_keys" ("token")[0m
  [1m[35m (0.1ms)[0m  [1m[35mDROP TABLE IF EXISTS "devices"[0m
  [1m[35m (0.2ms)[0m  [1m[35mCREATE TABLE "devices" ("id" integer PRIMARY KEY AUTOINCREMENT NOT NULL, "serial_number" varchar, "created_at" datetime(6) NOT NULL, "updated_at" datetime(6) NOT NULL)[0m
  [1m[35m (0.1ms)[0m  [1m[35mDROP TABLE IF EXISTS "users"[0m
  [1m[35m (0.2ms)[0m  [1m[35mCREATE TABLE "users" ("id" integer PRIMARY KEY AUTOINCREMENT NOT NULL, "email" varchar, "password_digest" varchar NOT NULL, "created_at" datetime(6) NOT NULL, "updated_at" datetime(6) NOT NULL)[0m
  [1m[35m (0.2ms)[0m  [1m[35mCREATE UNIQUE INDEX "index_users_on_email" ON "users" ("email")[0m
  [1m[35m (0.2ms)[0m  [1m[35mCREATE TABLE "schema_migrations" ("version" varchar NOT NULL PRIMARY KEY)[0m
  [1m[36mActiveRecord::SchemaMigration Load (0.0ms)[0m  [1m[34mSELECT "schema_migrations"."version" FROM "schema_migrations" ORDER BY "schema_migrations"."version" ASC[0m
  [1m[35m (0.1ms)[0m  [1m[32mINSERT INTO "schema_migrations" (version) VALUES (20240731151913)[0m
  [1m[35m (0.1ms)[0m  [1m[32mINSERT INTO "schema_migrations" (version) VALUES
(20240731145448),
(20240731145352);[0m
  [1m[35m (0.2ms)[0m  [1m[35mCREATE TABLE "ar_internal_metadata" ("key" varchar NOT NULL PRIMARY KEY, "value" varchar, "created_at" datetime(6) NOT NULL, "updated_at" datetime(6) NOT NULL)[0m
  [1m[36mActiveRecord::InternalMetadata Load (0.1ms)[0m  [1m[34mSELECT * FROM "ar_internal_metadata" WHERE "ar_internal_metadata"."key" = ? ORDER BY "ar_internal_metadata"."key" ASC LIMIT 1[0m  [[nil, "environment"]]
  [1m[36mActiveRecord::InternalMetadata Create (0.2ms)[0m  [1m[32mINSERT INTO "ar_internal_metadata" ("key", "value", "created_at", "updated_at") VALUES ('environment', 'development', '2025-08-19 15:07:34.715781', '2025-08-19 15:07:34.715784') RETURNING "key"[0m
  [1m[36mActiveRecord::InternalMetadata Load (0.1ms)[0m  [1m[34mSELECT * FROM "ar_internal_metadata" WHERE "ar_internal_metadata"."key" = ? ORDER BY "ar_internal_metadata"."key" ASC LIMIT 1[0m  [[nil, "environment"]]
  [1m[36mActiveRecord::InternalMetadata Update (0.2ms)[0m  [1m[33mUPDATE "ar_internal_metadata" SET "value" = 'test', "updated_at" = '2025-08-19 15:07:34.717865' WHERE "ar_internal_metadata"."key" = 'environment'[0m
  [1m[36mActiveRecord::InternalMetadata Load (0.1ms)[0m  [1m[34mSELECT * FROM "ar_internal_metadata" WHERE "ar_internal_metadata"."key" = ? ORDER BY "ar_internal_metadata"."key" ASC LIMIT 1[0m  [[nil, "schema_sha1"]]
  [1m[36mActiveRecord::InternalMetadata Create (0.3ms)[0m  [1m[32mINSERT INTO "ar_internal_metadata" ("key", "value", "created_at", "updated_at") VALUES ('schema_sha1', 'b0ed1e8ecdb896d2bb0f48d4a1031768e04463fe', '2025-08-19 15:07:34.719960', '2025-08-19 15:07:34.719962') RETURNING "key"[0m
DEPRECATION WARNING: `to_time` will always preserve the full timezone rather than offset of the receiver in Rails 8.1. To opt in to the new behavior, set `config.active_support.to_time_preserves_timezone = :zone`. (called from <main> at /home/witsio/device_reqistry/config/environment.rb:5)
DEPRECATION WARNING: `to_time` will always preserve the full timezone rather than offset of the receiver in Rails 8.1. To opt in to the new behavior, set `config.active_support.to_time_preserves_timezone = :zone`. (called from <main> at /home/witsio/device_reqistry/config/environment.rb:5)
DEPRECATION WARNING: `to_time` will always preserve the full timezone rather than offset of the receiver in Rails 8.1. To opt in to the new behavior, set `config.active_support.to_time_preserves_timezone = :zone`. (called from <main> at /home/witsio/device_reqistry/config/environment.rb:5)
DEPRECATION WARNING: `to_time` will always preserve the full timezone rather than offset of the receiver in Rails 8.1. To opt in to the new behavior, set `config.active_support.to_time_preserves_timezone = :zone`. (called from <main> at /home/witsio/device_reqistry/config/environment.rb:5)
  [1m[36mActiveRecord::InternalMetadata Load (0.6ms)[0m  [1m[34mSELECT * FROM "ar_internal_metadata" WHERE "ar_internal_metadata"."key" = ? ORDER BY "ar_internal_metadata"."key" ASC LIMIT 1[0m  [[nil, "environment"]]
  [1m[36mActiveRecord::SchemaMigration Load (0.1ms)[0m  [1m[34mSELECT "schema_migrations"."version" FROM "schema_migrations" ORDER BY "schema_migrations"."version" ASC[0m
Migrating to AddUserRefToDevices (20250819151732)
  [1m[36mTRANSACTION (0.1ms)[0m  [1m[36mBEGIN immediate TRANSACTION[0m
  [1m[35mSQL (0.0ms)[0m  [1m[35mPRAGMA foreign_keys[0m
  [1m[35mSQL (0.0ms)[0m  [1m[35mPRAGMA defer_foreign_keys[0m
  [1m[35m (0.0ms)[0m  [1m[35mPRAGMA defer_foreign_keys = ON[0m
  [1m[35m (0.0ms)[0m  [1m[35mPRAGMA foreign_keys = OFF[0m
  [1m[35m (0.1ms)[0m  [1m[35mCREATE TEMPORARY TABLE "adevices" ("id" integer PRIMARY KEY AUTOINCREMENT NOT NULL, "serial_number" varchar, "created_at" datetime(6) NOT NULL, "updated_at" datetime(6) NOT NULL)[0m
  [1m[35mSQL (0.0ms)[0m  [1m[32mINSERT INTO "adevices" ("id","serial_number","created_at","updated_at")
                     SELECT "id","serial_number","created_at","updated_at" FROM "devices"[0m
  [1m[35m (0.4ms)[0m  [1m[35mDROP TABLE "devices"[0m
  [1m[35m (0.1ms)[0m  [1m[35mCREATE TABLE "devices" ("id" integer PRIMARY KEY AUTOINCREMENT NOT NULL, "serial_number" varchar, "created_at" datetime(6) NOT NULL, "updated_at" datetime(6) NOT NULL, "user_id" integer NOT NULL)[0m
  [1m[35mSQL (0.0ms)[0m  [1m[32mINSERT INTO "devices" ("id","serial_number","created_at","updated_at")
                     SELECT "id","serial_number","created_at","updated_at" FROM "adevices"[0m
  [1m[35m (0.1ms)[0m  [1m[35mDROP TABLE "adevices"[0m
  [1m[35m (0.1ms)[0m  [1m[35mPRAGMA defer_foreign_keys = 0[0m
  [1m[35m (0.0ms)[0m  [1m[35mPRAGMA foreign_keys = 1[0m
  [1m[35m (0.2ms)[0m  [1m[35mCREATE INDEX "index_devices_on_user_id" ON "devices" ("user_id")[0m
  [1m[35mSQL (0.0ms)[0m  [1m[35mPRAGMA foreign_keys[0m
  [1m[35mSQL (0.0ms)[0m  [1m[35mPRAGMA defer_foreign_keys[0m
  [1m[35m (0.1ms)[0m  [1m[35mPRAGMA defer_foreign_keys = ON[0m
  [1m[35m (0.0ms)[0m  [1m[35mPRAGMA foreign_keys = OFF[0m
  [1m[35m (0.1ms)[0m  [1m[35mCREATE TEMPORARY TABLE "adevices" ("id" integer PRIMARY KEY AUTOINCREMENT NOT NULL, "serial_number" varchar, "created_at" datetime(6) NOT NULL, "updated_at" datetime(6) NOT NULL, "user_id" integer NOT NULL)[0m
  [1m[35m (0.1ms)[0m  [1m[35mCREATE INDEX "tindex_adevices_on_user_id" ON "adevices" ("user_id")[0m
  [1m[35mSQL (0.0ms)[0m  [1m[32mINSERT INTO "adevices" ("id","serial_number","created_at","updated_at","user_id")
                     SELECT "id","serial_number","created_at","updated_at","user_id" FROM "devices"[0m
  [1m[35m (0.2ms)[0m  [1m[35mDROP TABLE "devices"[0m
  [1m[35m (0.1ms)[0m  [1m[35mCREATE TABLE "devices" ("id" integer PRIMARY KEY AUTOINCREMENT NOT NULL, "serial_number" varchar, "created_at" datetime(6) NOT NULL, "updated_at" datetime(6) NOT NULL, "user_id" integer NOT NULL, CONSTRAINT "fk_rails_410b63ef65"
FOREIGN KEY ("user_id")
  REFERENCES "users" ("id")
)[0m
  [1m[35m (0.1ms)[0m  [1m[35mCREATE INDEX "index_devices_on_user_id" ON "devices" ("user_id")[0m
  [1m[35mSQL (0.0ms)[0m  [1m[32mINSERT INTO "devices" ("id","serial_number","created_at","updated_at","user_id")
                     SELECT "id","serial_number","created_at","updated_at","user_id" FROM "adevices"[0m
  [1m[35m (0.4ms)[0m  [1m[35mDROP TABLE "adevices"[0m
  [1m[35m (0.1ms)[0m  [1m[35mPRAGMA defer_foreign_keys = 0[0m
  [1m[35m (0.0ms)[0m  [1m[35mPRAGMA foreign_keys = 1[0m
  [1m[36mActiveRecord::SchemaMigration Create (0.2ms)[0m  [1m[32mINSERT INTO "schema_migrations" ("version") VALUES ('20250819151732') RETURNING "version"[0m
  [1m[36mTRANSACTION (3.3ms)[0m  [1m[36mCOMMIT TRANSACTION[0m
  [1m[36mActiveRecord::SchemaMigration Load (0.1ms)[0m  [1m[34mSELECT "schema_migrations"."version" FROM "schema_migrations" ORDER BY "schema_migrations"."version" ASC[0m
DEPRECATION WARNING: `to_time` will always preserve the full timezone rather than offset of the receiver in Rails 8.1. To opt in to the new behavior, set `config.active_support.to_time_preserves_timezone = :zone`. (called from <main> at /home/witsio/device_reqistry/config/environment.rb:5)
DEPRECATION WARNING: `to_time` will always preserve the full timezone rather than offset of the receiver in Rails 8.1. To opt in to the new behavior, set `config.active_support.to_time_preserves_timezone = :zone`. (called from <main> at /home/witsio/device_reqistry/config/environment.rb:5)
DEPRECATION WARNING: `to_time` will always preserve the full timezone rather than offset of the receiver in Rails 8.1. To opt in to the new behavior, set `config.active_support.to_time_preserves_timezone = :zone`. (called from <main> at /home/witsio/device_reqistry/config/environment.rb:5)
DEPRECATION WARNING: `to_time` will always preserve the full timezone rather than offset of the receiver in Rails 8.1. To opt in to the new behavior, set `config.active_support.to_time_preserves_timezone = :zone`. (called from <main> at /home/witsio/device_reqistry/config/environment.rb:5)
DEPRECATION WARNING: `to_time` will always preserve the full timezone rather than offset of the receiver in Rails 8.1. To opt in to the new behavior, set `config.active_support.to_time_preserves_timezone = :zone`. (called from <main> at /home/witsio/device_reqistry/config/environment.rb:5)
DEPRECATION WARNING: `to_time` will always preserve the full timezone rather than offset of the receiver in Rails 8.1. To opt in to the new behavior, set `config.active_support.to_time_preserves_timezone = :zone`. (called from <main> at /home/witsio/device_reqistry/config/environment.rb:5)
  [1m[36mActiveRecord::InternalMetadata Load (0.6ms)[0m  [1m[34mSELECT * FROM "ar_internal_metadata" WHERE "ar_internal_metadata"."key" = ? ORDER BY "ar_internal_metadata"."key" ASC LIMIT 1[0m  [[nil, "environment"]]
  [1m[36mActiveRecord::SchemaMigration Load (0.1ms)[0m  [1m[34mSELECT "schema_migrations"."version" FROM "schema_migrations" ORDER BY "schema_migrations"."version" ASC[0m
Migrating to AddReturnedByToDevices (20250819175602)
  [1m[36mTRANSACTION (0.1ms)[0m  [1m[36mBEGIN immediate TRANSACTION[0m
  [1m[35mSQL (0.0ms)[0m  [1m[35mPRAGMA foreign_keys[0m
  [1m[35mSQL (0.0ms)[0m  [1m[35mPRAGMA defer_foreign_keys[0m
  [1m[35m (0.0ms)[0m  [1m[35mPRAGMA defer_foreign_keys = ON[0m
  [1m[35m (0.0ms)[0m  [1m[35mPRAGMA foreign_keys = OFF[0m
  [1m[35m (0.1ms)[0m  [1m[35mCREATE TEMPORARY TABLE "adevices" ("id" integer PRIMARY KEY AUTOINCREMENT NOT NULL, "serial_number" varchar, "created_at" datetime(6) NOT NULL, "updated_at" datetime(6) NOT NULL, "user_id" integer NOT NULL)[0m
  [1m[35m (0.1ms)[0m  [1m[35mCREATE INDEX "tindex_adevices_on_user_id" ON "adevices" ("user_id")[0m
  [1m[35mSQL (0.0ms)[0m  [1m[32mINSERT INTO "adevices" ("id","serial_number","created_at","updated_at","user_id")
                     SELECT "id","serial_number","created_at","updated_at","user_id" FROM "devices"[0m
  [1m[35m (0.5ms)[0m  [1m[35mDROP TABLE "devices"[0m
  [1m[35m (0.1ms)[0m  [1m[35mCREATE TABLE "devices" ("id" integer PRIMARY KEY AUTOINCREMENT NOT NULL, "serial_number" varchar, "created_at" datetime(6) NOT NULL, "updated_at" datetime(6) NOT NULL, "user_id" integer NOT NULL, "returned_by_id" integer NOT NULL, CONSTRAINT "fk_rails_410b63ef65"
FOREIGN KEY ("user_id")
  REFERENCES "users" ("id")
)[0m
  [1m[35m (0.1ms)[0m  [1m[35mCREATE INDEX "index_devices_on_user_id" ON "devices" ("user_id")[0m
  [1m[35mSQL (0.1ms)[0m  [1m[32mINSERT INTO "devices" ("id","serial_number","created_at","updated_at","user_id")
                     SELECT "id","serial_number","created_at","updated_at","user_id" FROM "adevices"[0m
  [1m[35m (0.2ms)[0m  [1m[35mDROP TABLE "adevices"[0m
  [1m[35m (0.0ms)[0m  [1m[35mPRAGMA defer_foreign_keys = 0[0m
  [1m[35m (0.0ms)[0m  [1m[35mPRAGMA foreign_keys = 1[0m
  [1m[35m (0.1ms)[0m  [1m[35mCREATE INDEX "index_devices_on_returned_by_id" ON "devices" ("returned_by_id")[0m
  [1m[35mSQL (0.0ms)[0m  [1m[35mPRAGMA foreign_keys[0m
  [1m[35mSQL (0.0ms)[0m  [1m[35mPRAGMA defer_foreign_keys[0m
  [1m[35m (0.1ms)[0m  [1m[35mPRAGMA defer_foreign_keys = ON[0m
  [1m[35m (0.0ms)[0m  [1m[35mPRAGMA foreign_keys = OFF[0m
  [1m[35m (0.1ms)[0m  [1m[35mCREATE TEMPORARY TABLE "adevices" ("id" integer PRIMARY KEY AUTOINCREMENT NOT NULL, "serial_number" varchar, "created_at" datetime(6) NOT NULL, "updated_at" datetime(6) NOT NULL, "user_id" integer NOT NULL, "returned_by_id" integer NOT NULL)[0m
  [1m[35m (0.1ms)[0m  [1m[35mCREATE INDEX "tindex_adevices_on_returned_by_id" ON "adevices" ("returned_by_id")[0m
  [1m[35m (0.1ms)[0m  [1m[35mCREATE INDEX "tindex_adevices_on_user_id" ON "adevices" ("user_id")[0m
  [1m[35mSQL (0.0ms)[0m  [1m[32mINSERT INTO "adevices" ("id","serial_number","created_at","updated_at","user_id","returned_by_id")
                     SELECT "id","serial_number","created_at","updated_at","user_id","returned_by_id" FROM "devices"[0m
  [1m[35m (0.4ms)[0m  [1m[35mDROP TABLE "devices"[0m
  [1m[35m (0.1ms)[0m  [1m[35mCREATE TABLE "devices" ("id" integer PRIMARY KEY AUTOINCREMENT NOT NULL, "serial_number" varchar, "created_at" datetime(6) NOT NULL, "updated_at" datetime(6) NOT NULL, "user_id" integer NOT NULL, "returned_by_id" integer NOT NULL, CONSTRAINT "fk_rails_410b63ef65"
FOREIGN KEY ("user_id")
  REFERENCES "users" ("id")
, CONSTRAINT "fk_rails_bd5715ba49"
FOREIGN KEY ("returned_by_id")
  REFERENCES "returned_bies" ("id")
)[0m
  [1m[35m (0.1ms)[0m  [1m[35mCREATE INDEX "index_devices_on_user_id" ON "devices" ("user_id")[0m
  [1m[35m (0.1ms)[0m  [1m[35mCREATE INDEX "index_devices_on_returned_by_id" ON "devices" ("returned_by_id")[0m
  [1m[35mSQL (0.3ms)[0m  [1m[32mINSERT INTO "devices" ("id","serial_number","created_at","updated_at","user_id","returned_by_id")
                     SELECT "id","serial_number","created_at","updated_at","user_id","returned_by_id" FROM "adevices"[0m
  [1m[35m (0.0ms)[0m  [1m[35mPRAGMA defer_foreign_keys = 0[0m
  [1m[35m (0.0ms)[0m  [1m[35mPRAGMA foreign_keys = 1[0m
  [1m[36mTRANSACTION (0.1ms)[0m  [1m[31mROLLBACK TRANSACTION[0m
DEPRECATION WARNING: `to_time` will always preserve the full timezone rather than offset of the receiver in Rails 8.1. To opt in to the new behavior, set `config.active_support.to_time_preserves_timezone = :zone`. (called from <main> at /home/witsio/device_reqistry/config/environment.rb:5)
DEPRECATION WARNING: `to_time` will always preserve the full timezone rather than offset of the receiver in Rails 8.1. To opt in to the new behavior, set `config.active_support.to_time_preserves_timezone = :zone`. (called from <main> at /home/witsio/device_reqistry/config/environment.rb:5)
  [1m[36mActiveRecord::InternalMetadata Load (0.2ms)[0m  [1m[34mSELECT * FROM "ar_internal_metadata" WHERE "ar_internal_metadata"."key" = ? ORDER BY "ar_internal_metadata"."key" ASC LIMIT 1[0m  [[nil, "environment"]]
  [1m[36mActiveRecord::SchemaMigration Load (0.1ms)[0m  [1m[34mSELECT "schema_migrations"."version" FROM "schema_migrations" ORDER BY "schema_migrations"."version" ASC[0m
Migrating to AddReturnedByToDevices (20250819175602)
  [1m[36mTRANSACTION (0.1ms)[0m  [1m[36mBEGIN immediate TRANSACTION[0m
  [1m[35m (1.7ms)[0m  [1m[35mALTER TABLE "devices" ADD "returned_by_id" integer[0m
  [1m[35m (0.2ms)[0m  [1m[35mCREATE INDEX "index_devices_on_returned_by_id" ON "devices" ("returned_by_id")[0m
  [1m[35mSQL (0.0ms)[0m  [1m[35mPRAGMA foreign_keys[0m
  [1m[35mSQL (0.1ms)[0m  [1m[35mPRAGMA defer_foreign_keys[0m
  [1m[35m (0.0ms)[0m  [1m[35mPRAGMA defer_foreign_keys = ON[0m
  [1m[35m (0.0ms)[0m  [1m[35mPRAGMA foreign_keys = OFF[0m
  [1m[35m (0.1ms)[0m  [1m[35mCREATE TEMPORARY TABLE "adevices" ("id" integer PRIMARY KEY AUTOINCREMENT NOT NULL, "serial_number" varchar, "created_at" datetime(6) NOT NULL, "updated_at" datetime(6) NOT NULL, "user_id" integer NOT NULL, "returned_by_id" integer)[0m
  [1m[35m (0.1ms)[0m  [1m[35mCREATE INDEX "tindex_adevices_on_returned_by_id" ON "adevices" ("returned_by_id")[0m
  [1m[35m (0.1ms)[0m  [1m[35mCREATE INDEX "tindex_adevices_on_user_id" ON "adevices" ("user_id")[0m
  [1m[35mSQL (0.0ms)[0m  [1m[32mINSERT INTO "adevices" ("id","serial_number","created_at","updated_at","user_id","returned_by_id")
                     SELECT "id","serial_number","created_at","updated_at","user_id","returned_by_id" FROM "devices"[0m
  [1m[35m (0.5ms)[0m  [1m[35mDROP TABLE "devices"[0m
  [1m[35m (0.1ms)[0m  [1m[35mCREATE TABLE "devices" ("id" integer PRIMARY KEY AUTOINCREMENT NOT NULL, "serial_number" varchar, "created_at" datetime(6) NOT NULL, "updated_at" datetime(6) NOT NULL, "user_id" integer NOT NULL, "returned_by_id" integer, CONSTRAINT "fk_rails_410b63ef65"
FOREIGN KEY ("user_id")
  REFERENCES "users" ("id")
, CONSTRAINT "fk_rails_bd5715ba49"
FOREIGN KEY ("returned_by_id")
  REFERENCES "users" ("id")
)[0m
  [1m[35m (0.1ms)[0m  [1m[35mCREATE INDEX "index_devices_on_user_id" ON "devices" ("user_id")[0m
  [1m[35m (0.1ms)[0m  [1m[35mCREATE INDEX "index_devices_on_returned_by_id" ON "devices" ("returned_by_id")[0m
  [1m[35mSQL (0.0ms)[0m  [1m[32mINSERT INTO "devices" ("id","serial_number","created_at","updated_at","user_id","returned_by_id")
                     SELECT "id","serial_number","created_at","updated_at","user_id","returned_by_id" FROM "adevices"[0m
  [1m[35m (0.3ms)[0m  [1m[35mDROP TABLE "adevices"[0m
  [1m[35m (0.1ms)[0m  [1m[35mPRAGMA defer_foreign_keys = 0[0m
  [1m[35m (0.0ms)[0m  [1m[35mPRAGMA foreign_keys = 1[0m
  [1m[36mActiveRecord::SchemaMigration Create (0.1ms)[0m  [1m[32mINSERT INTO "schema_migrations" ("version") VALUES ('20250819175602') RETURNING "version"[0m
  [1m[36mTRANSACTION (4.6ms)[0m  [1m[36mCOMMIT TRANSACTION[0m
  [1m[36mActiveRecord::SchemaMigration Load (0.1ms)[0m  [1m[34mSELECT "schema_migrations"."version" FROM "schema_migrations" ORDER BY "schema_migrations"."version" ASC[0m
DEPRECATION WARNING: `to_time` will always preserve the full timezone rather than offset of the receiver in Rails 8.1. To opt in to the new behavior, set `config.active_support.to_time_preserves_timezone = :zone`. (called from <main> at /home/witsio/device_reqistry/config/environment.rb:5)
DEPRECATION WARNING: `to_time` will always preserve the full timezone rather than offset of the receiver in Rails 8.1. To opt in to the new behavior, set `config.active_support.to_time_preserves_timezone = :zone`. (called from <main> at /home/witsio/device_reqistry/config/environment.rb:5)
DEPRECATION WARNING: `to_time` will always preserve the full timezone rather than offset of the receiver in Rails 8.1. To opt in to the new behavior, set `config.active_support.to_time_preserves_timezone = :zone`. (called from <main> at /home/witsio/device_reqistry/config/environment.rb:5)
DEPRECATION WARNING: `to_time` will always preserve the full timezone rather than offset of the receiver in Rails 8.1. To opt in to the new behavior, set `config.active_support.to_time_preserves_timezone = :zone`. (called from <main> at /home/witsio/device_reqistry/config/environment.rb:5)
  [1m[36mActiveRecord::InternalMetadata Load (0.6ms)[0m  [1m[34mSELECT * FROM "ar_internal_metadata" WHERE "ar_internal_metadata"."key" = ? ORDER BY "ar_internal_metadata"."key" ASC LIMIT 1[0m  [[nil, "environment"]]
  [1m[36mActiveRecord::SchemaMigration Load (0.1ms)[0m  [1m[34mSELECT "schema_migrations"."version" FROM "schema_migrations" ORDER BY "schema_migrations"."version" ASC[0m
Migrating to MakeUserIdNullableInDevices (20250819180729)
  [1m[36mTRANSACTION (0.2ms)[0m  [1m[36mBEGIN immediate TRANSACTION[0m
  [1m[36mActiveRecord::SchemaMigration Create (2.8ms)[0m  [1m[32mINSERT INTO "schema_migrations" ("version") VALUES ('20250819180729') RETURNING "version"[0m
  [1m[36mTRANSACTION (4.5ms)[0m  [1m[36mCOMMIT TRANSACTION[0m
  [1m[36mActiveRecord::SchemaMigration Load (0.0ms)[0m  [1m[34mSELECT "schema_migrations"."version" FROM "schema_migrations" ORDER BY "schema_migrations"."version" ASC[0m
DEPRECATION WARNING: `to_time` will always preserve the full timezone rather than offset of the receiver in Rails 8.1. To opt in to the new behavior, set `config.active_support.to_time_preserves_timezone = :zone`. (called from <main> at /home/witsio/device_reqistry/config/environment.rb:5)
DEPRECATION WARNING: `to_time` will always preserve the full timezone rather than offset of the receiver in Rails 8.1. To opt in to the new behavior, set `config.active_support.to_time_preserves_timezone = :zone`. (called from <main> at /home/witsio/device_reqistry/config/environment.rb:5)
  [1m[36mActiveRecord::InternalMetadata Load (0.3ms)[0m  [1m[34mSELECT * FROM "ar_internal_metadata" WHERE "ar_internal_metadata"."key" = ? ORDER BY "ar_internal_metadata"."key" ASC LIMIT 1[0m  [[nil, "environment"]]
  [1m[36mActiveRecord::SchemaMigration Load (0.1ms)[0m  [1m[34mSELECT "schema_migrations"."version" FROM "schema_migrations" ORDER BY "schema_migrations"."version" ASC[0m
  [1m[36mActiveRecord::SchemaMigration Load (0.0ms)[0m  [1m[34mSELECT "schema_migrations"."version" FROM "schema_migrations" ORDER BY "schema_migrations"."version" ASC[0m
DEPRECATION WARNING: `to_time` will always preserve the full timezone rather than offset of the receiver in Rails 8.1. To opt in to the new behavior, set `config.active_support.to_time_preserves_timezone = :zone`. (called from <main> at /home/witsio/device_reqistry/config/environment.rb:5)
DEPRECATION WARNING: `to_time` will always preserve the full timezone rather than offset of the receiver in Rails 8.1. To opt in to the new behavior, set `config.active_support.to_time_preserves_timezone = :zone`. (called from <main> at /home/witsio/device_reqistry/config/environment.rb:5)
DEPRECATION WARNING: `to_time` will always preserve the full timezone rather than offset of the receiver in Rails 8.1. To opt in to the new behavior, set `config.active_support.to_time_preserves_timezone = :zone`. (called from <main> at /home/witsio/device_reqistry/config/environment.rb:5)
DEPRECATION WARNING: `to_time` will always preserve the full timezone rather than offset of the receiver in Rails 8.1. To opt in to the new behavior, set `config.active_support.to_time_preserves_timezone = :zone`. (called from <main> at /home/witsio/device_reqistry/config/environment.rb:5)
DEPRECATION WARNING: `to_time` will always preserve the full timezone rather than offset of the receiver in Rails 8.1. To opt in to the new behavior, set `config.active_support.to_time_preserves_timezone = :zone`. (called from <main> at /home/witsio/device_reqistry/config/environment.rb:5)
DEPRECATION WARNING: `to_time` will always preserve the full timezone rather than offset of the receiver in Rails 8.1. To opt in to the new behavior, set `config.active_support.to_time_preserves_timezone = :zone`. (called from <main> at /home/witsio/device_reqistry/config/environment.rb:5)
  [1m[36mActiveRecord::InternalMetadata Load (0.7ms)[0m  [1m[34mSELECT * FROM "ar_internal_metadata" WHERE "ar_internal_metadata"."key" = ? ORDER BY "ar_internal_metadata"."key" ASC LIMIT 1[0m  [[nil, "environment"]]
  [1m[36mActiveRecord::SchemaMigration Load (0.1ms)[0m  [1m[34mSELECT "schema_migrations"."version" FROM "schema_migrations" ORDER BY "schema_migrations"."version" ASC[0m
Migrating to MakeUserIdNullableInDevices (20250819180933)
  [1m[36mTRANSACTION (0.1ms)[0m  [1m[36mBEGIN immediate TRANSACTION[0m
  [1m[35mSQL (0.0ms)[0m  [1m[35mPRAGMA foreign_keys[0m
  [1m[35mSQL (0.0ms)[0m  [1m[35mPRAGMA defer_foreign_keys[0m
  [1m[35m (0.1ms)[0m  [1m[35mPRAGMA defer_foreign_keys = ON[0m
  [1m[35m (0.0ms)[0m  [1m[35mPRAGMA foreign_keys = OFF[0m
  [1m[35m (0.2ms)[0m  [1m[35mCREATE TEMPORARY TABLE "adevices" ("id" integer PRIMARY KEY AUTOINCREMENT NOT NULL, "serial_number" varchar, "created_at" datetime(6) NOT NULL, "updated_at" datetime(6) NOT NULL, "user_id" integer NOT NULL, "returned_by_id" integer)[0m
  [1m[35m (0.1ms)[0m  [1m[35mCREATE INDEX "tindex_adevices_on_returned_by_id" ON "adevices" ("returned_by_id")[0m
  [1m[35m (0.1ms)[0m  [1m[35mCREATE INDEX "tindex_adevices_on_user_id" ON "adevices" ("user_id")[0m
  [1m[35mSQL (0.0ms)[0m  [1m[32mINSERT INTO "adevices" ("id","serial_number","created_at","updated_at","user_id","returned_by_id")
                     SELECT "id","serial_number","created_at","updated_at","user_id","returned_by_id" FROM "devices"[0m
  [1m[35m (0.3ms)[0m  [1m[35mDROP TABLE "devices"[0m
  [1m[35m (0.1ms)[0m  [1m[35mCREATE TABLE "devices" ("id" integer PRIMARY KEY AUTOINCREMENT NOT NULL, "serial_number" varchar, "created_at" datetime(6) NOT NULL, "updated_at" datetime(6) NOT NULL, "user_id" integer, "returned_by_id" integer, CONSTRAINT "fk_rails_bd5715ba49"
FOREIGN KEY ("returned_by_id")
  REFERENCES "users" ("id")
, CONSTRAINT "fk_rails_410b63ef65"
FOREIGN KEY ("user_id")
  REFERENCES "users" ("id")
)[0m
  [1m[35m (0.1ms)[0m  [1m[35mCREATE INDEX "index_devices_on_user_id" ON "devices" ("user_id")[0m
  [1m[35m (0.1ms)[0m  [1m[35mCREATE INDEX "index_devices_on_returned_by_id" ON "devices" ("returned_by_id")[0m
  [1m[35mSQL (0.0ms)[0m  [1m[32mINSERT INTO "devices" ("id","serial_number","created_at","updated_at","user_id","returned_by_id")
                     SELECT "id","serial_number","created_at","updated_at","user_id","returned_by_id" FROM "adevices"[0m
  [1m[35m (0.2ms)[0m  [1m[35mDROP TABLE "adevices"[0m
  [1m[35m (0.0ms)[0m  [1m[35mPRAGMA defer_foreign_keys = 0[0m
  [1m[35m (0.1ms)[0m  [1m[35mPRAGMA foreign_keys = 1[0m
  [1m[36mActiveRecord::SchemaMigration Create (0.2ms)[0m  [1m[32mINSERT INTO "schema_migrations" ("version") VALUES ('20250819180933') RETURNING "version"[0m
  [1m[36mTRANSACTION (4.6ms)[0m  [1m[36mCOMMIT TRANSACTION[0m
  [1m[36mActiveRecord::SchemaMigration Load (0.1ms)[0m  [1m[34mSELECT "schema_migrations"."version" FROM "schema_migrations" ORDER BY "schema_migrations"."version" ASC[0m
DEPRECATION WARNING: `to_time` will always preserve the full timezone rather than offset of the receiver in Rails 8.1. To opt in to the new behavior, set `config.active_support.to_time_preserves_timezone = :zone`. (called from <main> at /home/witsio/device_reqistry/config/environment.rb:5)
DEPRECATION WARNING: `to_time` will always preserve the full timezone rather than offset of the receiver in Rails 8.1. To opt in to the new behavior, set `config.active_support.to_time_preserves_timezone = :zone`. (called from <main> at /home/witsio/device_reqistry/config/environment.rb:5)
  [1m[36mActiveRecord::SchemaMigration Load (0.3ms)[0m  [1m[34mSELECT "schema_migrations"."version" FROM "schema_migrations" ORDER BY "schema_migrations"."version" ASC[0m
  [1m[36mActiveRecord::InternalMetadata Load (0.9ms)[0m  [1m[34mSELECT * FROM "ar_internal_metadata" WHERE "ar_internal_metadata"."key" = ? ORDER BY "ar_internal_metadata"."key" ASC LIMIT 1[0m  [[nil, "environment"]]
  [1m[36mActiveRecord::SchemaMigration Load (0.1ms)[0m  [1m[34mSELECT "schema_migrations"."version" FROM "schema_migrations" ORDER BY "schema_migrations"."version" ASC[0m
  [1m[36mActiveRecord::InternalMetadata Load (0.2ms)[0m  [1m[34mSELECT * FROM "ar_internal_metadata" WHERE "ar_internal_metadata"."key" = ? ORDER BY "ar_internal_metadata"."key" ASC LIMIT 1[0m  [[nil, "environment"]]
  [1m[36mActiveRecord::SchemaMigration Load (0.1ms)[0m  [1m[34mSELECT "schema_migrations"."version" FROM "schema_migrations" ORDER BY "schema_migrations"."version" ASC[0m
  [1m[36mActiveRecord::InternalMetadata Load (0.2ms)[0m  [1m[34mSELECT * FROM "ar_internal_metadata" WHERE "ar_internal_metadata"."key" = ? ORDER BY "ar_internal_metadata"."key" ASC LIMIT 1[0m  [[nil, "environment"]]
  [1m[35m (0.9ms)[0m  [1m[35mDROP TABLE IF EXISTS "api_keys"[0m
  [1m[35m (6.0ms)[0m  [1m[35mCREATE TABLE "api_keys" ("id" integer PRIMARY KEY AUTOINCREMENT NOT NULL, "bearer_id" integer NOT NULL, "bearer_type" varchar NOT NULL, "token" varchar NOT NULL, "created_at" datetime(6) NOT NULL, "updated_at" datetime(6) NOT NULL)[0m
  [1m[35m (0.4ms)[0m  [1m[35mCREATE INDEX "index_api_keys_on_bearer_id_and_bearer_type" ON "api_keys" ("bearer_id", "bearer_type")[0m
  [1m[35m (0.3ms)[0m  [1m[35mCREATE UNIQUE INDEX "index_api_keys_on_token" ON "api_keys" ("token")[0m
  [1m[35m (0.1ms)[0m  [1m[35mDROP TABLE IF EXISTS "devices"[0m
  [1m[35m (0.6ms)[0m  [1m[35mCREATE TABLE "devices" ("id" integer PRIMARY KEY AUTOINCREMENT NOT NULL, "serial_number" varchar, "created_at" datetime(6) NOT NULL, "updated_at" datetime(6) NOT NULL, "user_id" integer, "returned_by_id" integer)[0m
  [1m[35m (0.5ms)[0m  [1m[35mCREATE INDEX "index_devices_on_returned_by_id" ON "devices" ("returned_by_id")[0m
  [1m[35m (0.7ms)[0m  [1m[35mCREATE INDEX "index_devices_on_user_id" ON "devices" ("user_id")[0m
  [1m[35m (0.1ms)[0m  [1m[35mDROP TABLE IF EXISTS "users"[0m
  [1m[35m (0.4ms)[0m  [1m[35mCREATE TABLE "users" ("id" integer PRIMARY KEY AUTOINCREMENT NOT NULL, "email" varchar, "password_digest" varchar NOT NULL, "created_at" datetime(6) NOT NULL, "updated_at" datetime(6) NOT NULL)[0m
  [1m[35m (0.4ms)[0m  [1m[35mCREATE UNIQUE INDEX "index_users_on_email" ON "users" ("email")[0m
  [1m[36mTRANSACTION (0.1ms)[0m  [1m[36mBEGIN immediate TRANSACTION[0m
  [1m[35mSQL (2.4ms)[0m  [1m[35mPRAGMA foreign_keys[0m
  [1m[35mSQL (0.1ms)[0m  [1m[35mPRAGMA defer_foreign_keys[0m
  [1m[35m (0.1ms)[0m  [1m[35mPRAGMA defer_foreign_keys = ON[0m
  [1m[35m (0.1ms)[0m  [1m[35mPRAGMA foreign_keys = OFF[0m
  [1m[35m (0.3ms)[0m  [1m[35mCREATE TEMPORARY TABLE "adevices" ("id" integer PRIMARY KEY AUTOINCREMENT NOT NULL, "serial_number" varchar, "created_at" datetime(6) NOT NULL, "updated_at" datetime(6) NOT NULL, "user_id" integer, "returned_by_id" integer)[0m
  [1m[35m (0.2ms)[0m  [1m[35mCREATE INDEX "tindex_adevices_on_user_id" ON "adevices" ("user_id")[0m
  [1m[35m (0.2ms)[0m  [1m[35mCREATE INDEX "tindex_adevices_on_returned_by_id" ON "adevices" ("returned_by_id")[0m
  [1m[35mSQL (0.1ms)[0m  [1m[32mINSERT INTO "adevices" ("id","serial_number","created_at","updated_at","user_id","returned_by_id")
                     SELECT "id","serial_number","created_at","updated_at","user_id","returned_by_id" FROM "devices"[0m
  [1m[35m (0.8ms)[0m  [1m[35mDROP TABLE "devices"[0m
  [1m[35m (0.2ms)[0m  [1m[35mCREATE TABLE "devices" ("id" integer PRIMARY KEY AUTOINCREMENT NOT NULL, "serial_number" varchar, "created_at" datetime(6) NOT NULL, "updated_at" datetime(6) NOT NULL, "user_id" integer, "returned_by_id" integer, CONSTRAINT "fk_rails_410b63ef65"
FOREIGN KEY ("user_id")
  REFERENCES "users" ("id")
)[0m
  [1m[35m (0.2ms)[0m  [1m[35mCREATE INDEX "index_devices_on_returned_by_id" ON "devices" ("returned_by_id")[0m
  [1m[35m (0.1ms)[0m  [1m[35mCREATE INDEX "index_devices_on_user_id" ON "devices" ("user_id")[0m
  [1m[35mSQL (0.1ms)[0m  [1m[32mINSERT INTO "devices" ("id","serial_number","created_at","updated_at","user_id","returned_by_id")
                     SELECT "id","serial_number","created_at","updated_at","user_id","returned_by_id" FROM "adevices"[0m
  [1m[35m (0.7ms)[0m  [1m[35mDROP TABLE "adevices"[0m
  [1m[35m (0.1ms)[0m  [1m[35mPRAGMA defer_foreign_keys = 0[0m
  [1m[35m (0.1ms)[0m  [1m[35mPRAGMA foreign_keys = 1[0m
  [1m[36mTRANSACTION (0.3ms)[0m  [1m[36mCOMMIT TRANSACTION[0m
  [1m[36mTRANSACTION (0.1ms)[0m  [1m[36mBEGIN immediate TRANSACTION[0m
  [1m[35mSQL (2.4ms)[0m  [1m[35mPRAGMA foreign_keys[0m
  [1m[35mSQL (0.1ms)[0m  [1m[35mPRAGMA defer_foreign_keys[0m
  [1m[35m (0.1ms)[0m  [1m[35mPRAGMA defer_foreign_keys = ON[0m
  [1m[35m (0.1ms)[0m  [1m[35mPRAGMA foreign_keys = OFF[0m
  [1m[35m (0.5ms)[0m  [1m[35mCREATE TEMPORARY TABLE "adevices" ("id" integer PRIMARY KEY AUTOINCREMENT NOT NULL, "serial_number" varchar, "created_at" datetime(6) NOT NULL, "updated_at" datetime(6) NOT NULL, "user_id" integer, "returned_by_id" integer)[0m
  [1m[35m (0.3ms)[0m  [1m[35mCREATE INDEX "tindex_adevices_on_user_id" ON "adevices" ("user_id")[0m
  [1m[35m (0.1ms)[0m  [1m[35mCREATE INDEX "tindex_adevices_on_returned_by_id" ON "adevices" ("returned_by_id")[0m
  [1m[35mSQL (0.1ms)[0m  [1m[32mINSERT INTO "adevices" ("id","serial_number","created_at","updated_at","user_id","returned_by_id")
                     SELECT "id","serial_number","created_at","updated_at","user_id","returned_by_id" FROM "devices"[0m
  [1m[35m (0.6ms)[0m  [1m[35mDROP TABLE "devices"[0m
  [1m[35m (0.1ms)[0m  [1m[35mCREATE TABLE "devices" ("id" integer PRIMARY KEY AUTOINCREMENT NOT NULL, "serial_number" varchar, "created_at" datetime(6) NOT NULL, "updated_at" datetime(6) NOT NULL, "user_id" integer, "returned_by_id" integer, CONSTRAINT "fk_rails_410b63ef65"
FOREIGN KEY ("user_id")
  REFERENCES "users" ("id")
, CONSTRAINT "fk_rails_bd5715ba49"
FOREIGN KEY ("returned_by_id")
  REFERENCES "users" ("id")
)[0m
  [1m[35m (0.2ms)[0m  [1m[35mCREATE INDEX "index_devices_on_returned_by_id" ON "devices" ("returned_by_id")[0m
  [1m[35m (0.1ms)[0m  [1m[35mCREATE INDEX "index_devices_on_user_id" ON "devices" ("user_id")[0m
  [1m[35mSQL (0.1ms)[0m  [1m[32mINSERT INTO "devices" ("id","serial_number","created_at","updated_at","user_id","returned_by_id")
                     SELECT "id","serial_number","created_at","updated_at","user_id","returned_by_id" FROM "adevices"[0m
  [1m[35m (0.4ms)[0m  [1m[35mDROP TABLE "adevices"[0m
  [1m[35m (0.1ms)[0m  [1m[35mPRAGMA defer_foreign_keys = 0[0m
  [1m[35m (0.1ms)[0m  [1m[35mPRAGMA foreign_keys = 1[0m
  [1m[36mTRANSACTION (0.3ms)[0m  [1m[36mCOMMIT TRANSACTION[0m
  [1m[35m (0.5ms)[0m  [1m[35mCREATE TABLE "schema_migrations" ("version" varchar NOT NULL PRIMARY KEY)[0m
  [1m[36mActiveRecord::SchemaMigration Load (0.1ms)[0m  [1m[34mSELECT "schema_migrations"."version" FROM "schema_migrations" ORDER BY "schema_migrations"."version" ASC[0m
  [1m[35m (0.3ms)[0m  [1m[32mINSERT INTO "schema_migrations" (version) VALUES (20250819180933)[0m
  [1m[35m (0.2ms)[0m  [1m[32mINSERT INTO "schema_migrations" (version) VALUES
(20250819175602),
(20250819151732),
(20240731151913),
(20240731145448),
(20240731145352);[0m
  [1m[35m (0.3ms)[0m  [1m[35mCREATE TABLE "ar_internal_metadata" ("key" varchar NOT NULL PRIMARY KEY, "value" varchar, "created_at" datetime(6) NOT NULL, "updated_at" datetime(6) NOT NULL)[0m
  [1m[36mActiveRecord::InternalMetadata Load (0.1ms)[0m  [1m[34mSELECT * FROM "ar_internal_metadata" WHERE "ar_internal_metadata"."key" = ? ORDER BY "ar_internal_metadata"."key" ASC LIMIT 1[0m  [[nil, "environment"]]
  [1m[36mActiveRecord::InternalMetadata Create (0.4ms)[0m  [1m[32mINSERT INTO "ar_internal_metadata" ("key", "value", "created_at", "updated_at") VALUES ('environment', 'development', '2025-08-19 20:58:17.052895', '2025-08-19 20:58:17.052900') RETURNING "key"[0m
  [1m[36mActiveRecord::InternalMetadata Load (0.1ms)[0m  [1m[34mSELECT * FROM "ar_internal_metadata" WHERE "ar_internal_metadata"."key" = ? ORDER BY "ar_internal_metadata"."key" ASC LIMIT 1[0m  [[nil, "environment"]]
  [1m[36mActiveRecord::InternalMetadata Update (0.2ms)[0m  [1m[33mUPDATE "ar_internal_metadata" SET "value" = 'test', "updated_at" = '2025-08-19 20:58:17.057381' WHERE "ar_internal_metadata"."key" = 'environment'[0m
  [1m[36mActiveRecord::InternalMetadata Load (0.1ms)[0m  [1m[34mSELECT * FROM "ar_internal_metadata" WHERE "ar_internal_metadata"."key" = ? ORDER BY "ar_internal_metadata"."key" ASC LIMIT 1[0m  [[nil, "schema_sha1"]]
  [1m[36mActiveRecord::InternalMetadata Create (0.4ms)[0m  [1m[32mINSERT INTO "ar_internal_metadata" ("key", "value", "created_at", "updated_at") VALUES ('schema_sha1', '2be8d6caeb3329b14668df9ddb8feada0784bc47', '2025-08-19 20:58:17.060415', '2025-08-19 20:58:17.060419') RETURNING "key"[0m
